c:\users\dell\desktop\wizardoflegend\x64\debug\windowsapi.pch
c:\users\dell\desktop\wizardoflegend\x64\debug\vc141.pdb
c:\users\dell\desktop\wizardoflegend\x64\debug\vc141.idb
c:\users\dell\desktop\wizardoflegend\x64\debug\stdafx.obj
c:\users\dell\desktop\wizardoflegend\x64\debug\map.obj
c:\users\dell\desktop\wizardoflegend\x64\debug\keymanager.obj
c:\users\dell\desktop\wizardoflegend\x64\debug\keyanimanager.obj
c:\users\dell\desktop\wizardoflegend\x64\debug\inidatamanager.obj
c:\users\dell\desktop\wizardoflegend\x64\debug\imagemanager.obj
c:\users\dell\desktop\wizardoflegend\x64\debug\image.obj
c:\users\dell\desktop\wizardoflegend\x64\debug\gamenode.obj
c:\users\dell\desktop\wizardoflegend\x64\debug\effectmanager.obj
c:\users\dell\desktop\wizardoflegend\x64\debug\effect.obj
c:\users\dell\desktop\wizardoflegend\x64\debug\camera.obj
c:\users\dell\desktop\wizardoflegend\x64\debug\button.obj
c:\users\dell\desktop\wizardoflegend\x64\debug\astar.obj
c:\users\dell\desktop\wizardoflegend\x64\debug\animation.obj
c:\users\dell\desktop\wizardoflegend\x64\debug\action.obj
c:\users\dell\desktop\wizardoflegend\x64\debug\utils.obj
c:\users\dell\desktop\wizardoflegend\x64\debug\txtdata.obj
c:\users\dell\desktop\wizardoflegend\x64\debug\timer.obj
c:\users\dell\desktop\wizardoflegend\x64\debug\timemanager.obj
c:\users\dell\desktop\wizardoflegend\x64\debug\tile.obj
c:\users\dell\desktop\wizardoflegend\x64\debug\soundmanager.obj
c:\users\dell\desktop\wizardoflegend\x64\debug\scenemanager.obj
c:\users\dell\desktop\wizardoflegend\x64\debug\progressbar.obj
c:\users\dell\desktop\wizardoflegend\x64\debug\maptool.obj
c:\users\dell\desktop\wizardoflegend\x64\debug\windowsapi.obj
c:\users\dell\desktop\wizardoflegend\x64\debug\playground.obj
c:\users\dell\desktop\wizardoflegend\x64\debug\windowsapi.ilk
c:\users\dell\desktop\wizardoflegend\x64\debug\windowsapi.exe
c:\users\dell\desktop\wizardoflegend\x64\debug\windowsapi.pdb
c:\users\dell\desktop\wizardoflegend\x64\debug\windowsapi.res
c:\users\dell\desktop\wizardoflegend\x64\debug\windowsapi.tlog\cl.command.1.tlog
c:\users\dell\desktop\wizardoflegend\x64\debug\windowsapi.tlog\cl.read.1.tlog
c:\users\dell\desktop\wizardoflegend\x64\debug\windowsapi.tlog\cl.write.1.tlog
c:\users\dell\desktop\wizardoflegend\x64\debug\windowsapi.tlog\link.command.1.tlog
c:\users\dell\desktop\wizardoflegend\x64\debug\windowsapi.tlog\link.read.1.tlog
c:\users\dell\desktop\wizardoflegend\x64\debug\windowsapi.tlog\link.write.1.tlog
c:\users\dell\desktop\wizardoflegend\x64\debug\windowsapi.tlog\rc.command.1.tlog
c:\users\dell\desktop\wizardoflegend\x64\debug\windowsapi.tlog\rc.read.1.tlog
c:\users\dell\desktop\wizardoflegend\x64\debug\windowsapi.tlog\rc.write.1.tlog
